2016-03-01T10:33:36+00:00 INFO (6): Andrey Seleydaryan -  /admin/system_config/edit/section/admin/key/6efb72fc1a008d903b2ac1d047292ba4/
2016-03-01T12:31:57+00:00 INFO (6): Not Logged In - /admin
2016-03-01T12:31:57+00:00 INFO (6): Not Logged In - /admin
2016-03-01T12:32:08+00:00 INFO (6): Andrey Seleydaryan -  /admin/index/index/key/5b613d01a163b4233aa30a44c99770c0/
2016-03-01T12:32:08+00:00 INFO (6): Andrey Seleydaryan -  /admin/dashboard/index/key/f5a23704021339b98ea39222663f8b3a/
2016-03-01T12:32:19+00:00 INFO (6): Andrey Seleydaryan -  /admin/permissions_role/index/key/8b2873b4696ded9abf8800c00be76de7/
2016-03-01T12:32:25+00:00 INFO (6): Andrey Seleydaryan -  /admin/permissions_role/editrole/rid/1/key/a22fbf0526148c1ba14baa90d59a8aeb/
2016-03-01T12:39:40+00:00 INFO (6): Andrey Seleydaryan -  /admin/permissions_role/index/key/8b2873b4696ded9abf8800c00be76de7/
2016-03-01T13:00:13+00:00 INFO (6): Andrey Seleydaryan -  /admin/permissions_role/index/key/8b2873b4696ded9abf8800c00be76de7/
2016-03-01T13:00:39+00:00 INFO (6): Andrey Seleydaryan -  /admin/permissions_role/index/key/8b2873b4696ded9abf8800c00be76de7/
2016-03-01T13:01:01+00:00 INFO (6): Andrey Seleydaryan -  /admin/permissions_role/index/key/8b2873b4696ded9abf8800c00be76de7/
2016-03-01T13:05:03+00:00 INFO (6): Andrey Seleydaryan -  /admin/permissions_role/index/key/8b2873b4696ded9abf8800c00be76de7/
2016-03-01T13:05:08+00:00 INFO (6): Andrey Seleydaryan -  /admin/permissions_role/editrole/rid/1/key/a22fbf0526148c1ba14baa90d59a8aeb/
2016-03-01T16:30:08+00:00 INFO (6): Not Logged In - /admin/permissions_role/editrole/rid/1/key/a22fbf0526148c1ba14baa90d59a8aeb/
2016-03-01T16:30:08+00:00 INFO (6): Not Logged In - /admin/permissions_role/editrole/rid/1/key/a22fbf0526148c1ba14baa90d59a8aeb/
2016-03-01T16:30:14+00:00 INFO (6): Andrey Seleydaryan -  /admin/dashboard/index/key/50d79c4f21286f2c5a7a1aa1bf5b865b/
2016-03-01T16:30:19+00:00 INFO (6): Andrey Seleydaryan -  /admin/system_config/index/key/dee4fd756a0634cb7477495df4402629/
2016-03-01T16:30:20+00:00 INFO (6): Andrey Seleydaryan -  /admin/system_config/index/key/dee4fd756a0634cb7477495df4402629/
2016-03-01T16:31:07+00:00 INFO (6): Andrey Seleydaryan -  /admin/system_config/index/key/dee4fd756a0634cb7477495df4402629/
2016-03-01T16:31:07+00:00 INFO (6): Andrey Seleydaryan -  /admin/system_config/index/key/dee4fd756a0634cb7477495df4402629/
2016-03-01T16:31:39+00:00 INFO (6): Andrey Seleydaryan -  /admin/system_config/index/key/dee4fd756a0634cb7477495df4402629/
2016-03-01T16:31:39+00:00 INFO (6): Andrey Seleydaryan -  /admin/system_config/index/key/dee4fd756a0634cb7477495df4402629/
2016-03-01T16:32:15+00:00 INFO (6): Andrey Seleydaryan -  /admin/system_config/index/key/dee4fd756a0634cb7477495df4402629/
2016-03-01T16:32:15+00:00 INFO (6): Andrey Seleydaryan -  /admin/system_config/index/key/dee4fd756a0634cb7477495df4402629/
2016-03-01T16:34:48+00:00 INFO (6): Andrey Seleydaryan -  /admin/system_config/index/key/dee4fd756a0634cb7477495df4402629/
2016-03-01T16:34:48+00:00 INFO (6): Andrey Seleydaryan -  /admin/system_config/index/key/dee4fd756a0634cb7477495df4402629/
2016-03-01T16:35:14+00:00 INFO (6): Andrey Seleydaryan -  /admin/system_config/index/key/dee4fd756a0634cb7477495df4402629/
2016-03-01T16:35:14+00:00 INFO (6): Andrey Seleydaryan -  /admin/system_config/index/key/dee4fd756a0634cb7477495df4402629/
2016-03-01T16:35:30+00:00 INFO (6): Andrey Seleydaryan -  /admin/
2016-03-01T16:35:30+00:00 INFO (6): Andrey Seleydaryan -  /admin/dashboard/index/key/50d79c4f21286f2c5a7a1aa1bf5b865b/
2016-03-01T16:35:34+00:00 INFO (6): Andrey Seleydaryan -  /admin/cache/index/key/05f7ef2add5074bfa5e4b802ae70aa5a/
2016-03-01T16:35:43+00:00 INFO (6): Andrey Seleydaryan -  /admin/cache/massRefresh/key/82170790c972dcf564af7c29c494e2b8/
